app/build/intermediates/manifest_merge_blame_file/debug/processDebugMainManifest/manifest-merger-blame-debug-report.txt
1<?xml version="1.0" encoding="utf-8"?>
2<manifest xmlns:android="http://schemas.android.com/apk/res/android"
3    package="com.notifai"
4    android:versionCode="1"
5    android:versionName="1.0" >
6
7    <uses-sdk
8        android:minSdkVersion="26"
9        android:targetSdkVersion="35" />
10
11    <!-- ── Permissions ──────────────────────────────────────────────────── -->
12
13
14    <!-- Notification listener (protected; granted via Settings → Notification Access) -->
15    <uses-permission android:name="android.permission.BIND_NOTIFICATION_LISTENER_SERVICE" />
15-->src/main/AndroidManifest.xml:8:5-10:47
15-->src/main/AndroidManifest.xml:9:9-77
16
17    <!-- AI API calls -->
18    <uses-permission android:name="android.permission.INTERNET" />
18-->src/main/AndroidManifest.xml:13:5-67
18-->src/main/AndroidManifest.xml:13:22-64
19
20    <!-- Foreground service for the notification listener wrapper -->
21    <uses-permission android:name="android.permission.FOREGROUND_SERVICE" />
21-->src/main/AndroidManifest.xml:16:5-77
21-->src/main/AndroidManifest.xml:16:22-74
22    <uses-permission android:name="android.permission.FOREGROUND_SERVICE_SPECIAL_USE" />
22-->src/main/AndroidManifest.xml:17:5-89
22-->src/main/AndroidManifest.xml:17:22-86
23
24    <!-- Re-arm on device reboot -->
25    <uses-permission android:name="android.permission.RECEIVE_BOOT_COMPLETED" />
25-->src/main/AndroidManifest.xml:20:5-81
25-->src/main/AndroidManifest.xml:20:22-78
26
27    <permission
27-->[androidx.core:core:1.15.0] AndroidManifest.xml:22:5-24:47
28        android:name="com.notifai.DYNAMIC_RECEIVER_NOT_EXPORTED_PERMISSION"
28-->[androidx.core:core:1.15.0] AndroidManifest.xml:23:9-81
29        android:protectionLevel="signature" />
29-->[androidx.core:core:1.15.0] AndroidManifest.xml:24:9-44
30
31    <uses-permission android:name="com.notifai.DYNAMIC_RECEIVER_NOT_EXPORTED_PERMISSION" /> <!-- ── Application ──────────────────────────────────────────────────── -->
31-->[androidx.core:core:1.15.0] AndroidManifest.xml:26:5-97
31-->[androidx.core:core:1.15.0] AndroidManifest.xml:26:22-94
32    <application
32-->src/main/AndroidManifest.xml:24:5-76:19
33        android:name="com.notifai.NotifAIApp"
33-->src/main/AndroidManifest.xml:25:9-35
34        android:allowBackup="true"
34-->src/main/AndroidManifest.xml:26:9-35
35        android:appComponentFactory="androidx.core.app.CoreComponentFactory"
35-->[androidx.core:core:1.15.0] AndroidManifest.xml:28:18-86
36        android:debuggable="true"
37        android:extractNativeLibs="false"
38        android:icon="@mipmap/ic_launcher"
38-->src/main/AndroidManifest.xml:27:9-43
39        android:label="@string/app_name"
39-->src/main/AndroidManifest.xml:28:9-41
40        android:roundIcon="@mipmap/ic_launcher_round"
40-->src/main/AndroidManifest.xml:29:9-54
41        android:supportsRtl="true"
41-->src/main/AndroidManifest.xml:30:9-35
42        android:testOnly="true"
43        android:theme="@style/Theme.NotifAI"
43-->src/main/AndroidManifest.xml:32:9-45
44        android:usesCleartextTraffic="false" >
44-->src/main/AndroidManifest.xml:31:9-45
45
46        <!-- ── Main Activity ────────────────────────────────────────────── -->
47
48        <activity
48-->src/main/AndroidManifest.xml:36:9-44:20
49            android:name="com.notifai.MainActivity"
49-->src/main/AndroidManifest.xml:37:13-41
50            android:exported="true"
50-->src/main/AndroidManifest.xml:38:13-36
51            android:theme="@style/Theme.NotifAI" >
51-->src/main/AndroidManifest.xml:39:13-49
52            <intent-filter>
52-->src/main/AndroidManifest.xml:40:13-43:29
53                <action android:name="android.intent.action.MAIN" />
53-->src/main/AndroidManifest.xml:41:17-69
53-->src/main/AndroidManifest.xml:41:25-66
54
55                <category android:name="android.intent.category.LAUNCHER" />
55-->src/main/AndroidManifest.xml:42:17-77
55-->src/main/AndroidManifest.xml:42:27-74
56            </intent-filter>
57        </activity>
58
59        <!-- ── Notification Listener Service ────────────────────────────── -->
60
61        <service
61-->src/main/AndroidManifest.xml:48:9-64:19
62            android:name="com.notifai.service.NotifListenerService"
62-->src/main/AndroidManifest.xml:49:13-57
63            android:exported="true"
63-->src/main/AndroidManifest.xml:50:13-36
64            android:foregroundServiceType="specialUse"
64-->src/main/AndroidManifest.xml:52:13-55
65            android:label="@string/app_name"
65-->src/main/AndroidManifest.xml:51:13-45
66            android:permission="android.permission.BIND_NOTIFICATION_LISTENER_SERVICE" >
66-->src/main/AndroidManifest.xml:53:13-87
67            <intent-filter>
67-->src/main/AndroidManifest.xml:54:13-56:29
68                <action android:name="android.service.notification.NotificationListenerService" />
68-->src/main/AndroidManifest.xml:55:17-99
68-->src/main/AndroidManifest.xml:55:25-96
69            </intent-filter>
70            <!--
71                Required for foregroundServiceType="specialUse" on API 34+.
72                Describe the use case in the Play Store declaration as well.
73            -->
74            <meta-data
74-->src/main/AndroidManifest.xml:61:13-63:118
75                android:name="android.app.PROPERTY_SPECIAL_USE_FGS_SUBTYPE"
75-->src/main/AndroidManifest.xml:62:17-76
76                android:value="Intercepts and classifies incoming notifications to filter spam and protect users." />
76-->src/main/AndroidManifest.xml:63:17-115
77        </service>
78
79        <!-- ── Boot Receiver ────────────────────────────────────────────── -->
80
81        <receiver
81-->src/main/AndroidManifest.xml:68:9-74:20
82            android:name="com.notifai.service.BootReceiver"
82-->src/main/AndroidManifest.xml:69:13-49
83            android:exported="false" >
83-->src/main/AndroidManifest.xml:70:13-37
84            <intent-filter>
84-->src/main/AndroidManifest.xml:71:13-73:29
85                <action android:name="android.intent.action.BOOT_COMPLETED" />
85-->src/main/AndroidManifest.xml:72:17-79
85-->src/main/AndroidManifest.xml:72:25-76
86            </intent-filter>
87        </receiver>
88
89        <activity
89-->[androidx.compose.ui:ui-tooling-android:1.7.3] AndroidManifest.xml:23:9-25:39
90            android:name="androidx.compose.ui.tooling.PreviewActivity"
90-->[androidx.compose.ui:ui-tooling-android:1.7.3] AndroidManifest.xml:24:13-71
91            android:exported="true" />
91-->[androidx.compose.ui:ui-tooling-android:1.7.3] AndroidManifest.xml:25:13-36
92
93        <provider
93-->[androidx.emoji2:emoji2:1.3.0] AndroidManifest.xml:24:9-32:20
94            android:name="androidx.startup.InitializationProvider"
94-->[androidx.emoji2:emoji2:1.3.0] AndroidManifest.xml:25:13-67
95            android:authorities="com.notifai.androidx-startup"
95-->[androidx.emoji2:emoji2:1.3.0] AndroidManifest.xml:26:13-68
96            android:exported="false" >
96-->[androidx.emoji2:emoji2:1.3.0] AndroidManifest.xml:27:13-37
97            <meta-data
97-->[androidx.emoji2:emoji2:1.3.0] AndroidManifest.xml:29:13-31:52
98                android:name="androidx.emoji2.text.EmojiCompatInitializer"
98-->[androidx.emoji2:emoji2:1.3.0] AndroidManifest.xml:30:17-75
99                android:value="androidx.startup" />
99-->[androidx.emoji2:emoji2:1.3.0] AndroidManifest.xml:31:17-49
100            <meta-data
100-->[androidx.lifecycle:lifecycle-process:2.8.7] AndroidManifest.xml:29:13-31:52
101                android:name="androidx.lifecycle.ProcessLifecycleInitializer"
101-->[androidx.lifecycle:lifecycle-process:2.8.7] AndroidManifest.xml:30:17-78
102                android:value="androidx.startup" />
102-->[androidx.lifecycle:lifecycle-process:2.8.7] AndroidManifest.xml:31:17-49
103            <meta-data
103-->[androidx.profileinstaller:profileinstaller:1.3.1] AndroidManifest.xml:29:13-31:52
104                android:name="androidx.profileinstaller.ProfileInstallerInitializer"
104-->[androidx.profileinstaller:profileinstaller:1.3.1] AndroidManifest.xml:30:17-85
105                android:value="androidx.startup" />
105-->[androidx.profileinstaller:profileinstaller:1.3.1] AndroidManifest.xml:31:17-49
106        </provider>
107
108        <activity
108-->[androidx.compose.ui:ui-test-manifest:1.7.3] AndroidManifest.xml:23:9-25:39
109            android:name="androidx.activity.ComponentActivity"
109-->[androidx.compose.ui:ui-test-manifest:1.7.3] AndroidManifest.xml:24:13-63
110            android:exported="true" />
110-->[androidx.compose.ui:ui-test-manifest:1.7.3] AndroidManifest.xml:25:13-36
111
112        <service
112-->[androidx.room:room-runtime:2.6.1] AndroidManifest.xml:24:9-28:63
113            android:name="androidx.room.MultiInstanceInvalidationService"
113-->[androidx.room:room-runtime:2.6.1] AndroidManifest.xml:25:13-74
114            android:directBootAware="true"
114-->[androidx.room:room-runtime:2.6.1] AndroidManifest.xml:26:13-43
115            android:exported="false" />
115-->[androidx.room:room-runtime:2.6.1] AndroidManifest.xml:27:13-37
116
117        <receiver
117-->[androidx.profileinstaller:profileinstaller:1.3.1] AndroidManifest.xml:34:9-52:20
118            android:name="androidx.profileinstaller.ProfileInstallReceiver"
118-->[androidx.profileinstaller:profileinstaller:1.3.1] AndroidManifest.xml:35:13-76
119            android:directBootAware="false"
119-->[androidx.profileinstaller:profileinstaller:1.3.1] AndroidManifest.xml:36:13-44
120            android:enabled="true"
120-->[androidx.profileinstaller:profileinstaller:1.3.1] AndroidManifest.xml:37:13-35
121            android:exported="true"
121-->[androidx.profileinstaller:profileinstaller:1.3.1] AndroidManifest.xml:38:13-36
122            android:permission="android.permission.DUMP" >
122-->[androidx.profileinstaller:profileinstaller:1.3.1] AndroidManifest.xml:39:13-57
123            <intent-filter>
123-->[androidx.profileinstaller:profileinstaller:1.3.1] AndroidManifest.xml:40:13-42:29
124                <action android:name="androidx.profileinstaller.action.INSTALL_PROFILE" />
124-->[androidx.profileinstaller:profileinstaller:1.3.1] AndroidManifest.xml:41:17-91
124-->[androidx.profileinstaller:profileinstaller:1.3.1] AndroidManifest.xml:41:25-88
125            </intent-filter>
126            <intent-filter>
126-->[androidx.profileinstaller:profileinstaller:1.3.1] AndroidManifest.xml:43:13-45:29
127                <action android:name="androidx.profileinstaller.action.SKIP_FILE" />
127-->[androidx.profileinstaller:profileinstaller:1.3.1] AndroidManifest.xml:44:17-85
127-->[androidx.profileinstaller:profileinstaller:1.3.1] AndroidManifest.xml:44:25-82
128            </intent-filter>
129            <intent-filter>
129-->[androidx.profileinstaller:profileinstaller:1.3.1] AndroidManifest.xml:46:13-48:29
130                <action android:name="androidx.profileinstaller.action.SAVE_PROFILE" />
130-->[androidx.profileinstaller:profileinstaller:1.3.1] AndroidManifest.xml:47:17-88
130-->[androidx.profileinstaller:profileinstaller:1.3.1] AndroidManifest.xml:47:25-85
131            </intent-filter>
132            <intent-filter>
132-->[androidx.profileinstaller:profileinstaller:1.3.1] AndroidManifest.xml:49:13-51:29
133                <action android:name="androidx.profileinstaller.action.BENCHMARK_OPERATION" />
133-->[androidx.profileinstaller:profileinstaller:1.3.1] AndroidManifest.xml:50:17-95
133-->[androidx.profileinstaller:profileinstaller:1.3.1] AndroidManifest.xml:50:25-92
134            </intent-filter>
135        </receiver>
136    </application>
137
138</manifest>